[2025-04-22T20:59:53.351+0000] {local_task_job_runner.py:123} INFO - ::group::Pre task execution logs
[2025-04-22T20:59:53.355+0000] {taskinstance.py:2612} INFO - Dependencies all met for dep_context=non-requeueable deps ti=<TaskInstance: daily_stock_price.load_data manual__2025-04-22T20:59:52.728314+00:00 [queued]>
[2025-04-22T20:59:53.358+0000] {taskinstance.py:2612} INFO - Dependencies all met for dep_context=requeueable deps ti=<TaskInstance: daily_stock_price.load_data manual__2025-04-22T20:59:52.728314+00:00 [queued]>
[2025-04-22T20:59:53.358+0000] {taskinstance.py:2865} INFO - Starting attempt 1 of 2
[2025-04-22T20:59:53.361+0000] {taskinstance.py:2888} INFO - Executing <Task(PythonOperator): load_data> on 2025-04-22 20:59:52.728314+00:00
[2025-04-22T20:59:53.364+0000] {standard_task_runner.py:104} INFO - Running: ['***', 'tasks', 'run', 'daily_stock_price', 'load_data', 'manual__2025-04-22T20:59:52.728314+00:00', '--job-id', '167', '--raw', '--subdir', 'DAGS_FOLDER/daily_stock_price.py', '--cfg-path', '/tmp/tmp4ibxku1k']
[2025-04-22T20:59:53.367+0000] {standard_task_runner.py:105} INFO - Job 167: Subtask load_data
[2025-04-22T20:59:53.367+0000] {logging_mixin.py:190} WARNING - /home/***/.local/lib/python3.12/site-packages/***/task/task_runner/standard_task_runner.py:70 DeprecationWarning: This process (pid=238) is multi-threaded, use of fork() may lead to deadlocks in the child.
[2025-04-22T20:59:53.368+0000] {standard_task_runner.py:72} INFO - Started process 241 to run task
[2025-04-22T20:59:53.384+0000] {task_command.py:467} INFO - Running <TaskInstance: daily_stock_price.load_data manual__2025-04-22T20:59:52.728314+00:00 [running]> on host 94fb330c57fd
[2025-04-22T20:59:53.411+0000] {taskinstance.py:3131} INFO - Exporting env vars: AIRFLOW_CTX_DAG_OWNER='***' AIRFLOW_CTX_DAG_ID='daily_stock_price' AIRFLOW_CTX_TASK_ID='load_data' AIRFLOW_CTX_EXECUTION_DATE='2025-04-22T20:59:52.728314+00:00' AIRFLOW_CTX_TRY_NUMBER='1' AIRFLOW_CTX_DAG_RUN_ID='manual__2025-04-22T20:59:52.728314+00:00'
[2025-04-22T20:59:53.411+0000] {taskinstance.py:731} INFO - ::endgroup::
[2025-04-22T20:59:53.417+0000] {connection.py:395} INFO - Snowflake Connector for Python Version: 3.8.1, Python Version: 3.12.5, Platform: Linux-6.10.14-linuxkit-aarch64-with-glibc2.36
[2025-04-22T20:59:53.417+0000] {connection.py:1235} INFO - This connection is in OCSP Fail Open Mode. TLS Certificates would be checked for validity and revocation status. Any other Certificate Revocation related exceptions or OCSP Responder failures would be disregarded in favor of connectivity.
[2025-04-22T20:59:55.247+0000] {cursor.py:1149} INFO - Number of results in first chunk: 1
[2025-04-22T20:59:55.869+0000] {base.py:125} ERROR - Failed to get ticker 'TSLA' reason: Expecting value: line 1 column 1 (char 0)
[2025-04-22T20:59:55.888+0000] {multi.py:182} ERROR - 
1 Failed download:
[2025-04-22T20:59:55.888+0000] {multi.py:195} ERROR - ['TSLA']: Exception('%ticker%: No timezone found, symbol may be delisted')
[2025-04-22T20:59:56.099+0000] {cursor.py:1149} INFO - Number of results in first chunk: 1
[2025-04-22T20:59:58.027+0000] {cursor.py:1149} INFO - Number of results in first chunk: 1
[2025-04-22T20:59:58.028+0000] {logging_mixin.py:190} INFO - Successfully loaded /tmp/TSLA_data.csv into ANALYTICS.stock_prices
[2025-04-22T20:59:58.185+0000] {cursor.py:1149} INFO - Number of results in first chunk: 1
[2025-04-22T20:59:58.446+0000] {base.py:125} ERROR - Failed to get ticker 'SPY' reason: Expecting value: line 1 column 1 (char 0)
[2025-04-22T20:59:58.451+0000] {multi.py:182} ERROR - 
1 Failed download:
[2025-04-22T20:59:58.451+0000] {multi.py:195} ERROR - ['SPY']: Exception('%ticker%: No timezone found, symbol may be delisted')
[2025-04-22T20:59:58.651+0000] {cursor.py:1149} INFO - Number of results in first chunk: 1
[2025-04-22T21:00:00.279+0000] {cursor.py:1149} INFO - Number of results in first chunk: 1
[2025-04-22T21:00:00.280+0000] {logging_mixin.py:190} INFO - Successfully loaded /tmp/SPY_data.csv into ANALYTICS.stock_prices
[2025-04-22T21:00:00.281+0000] {connection.py:758} INFO - closed
[2025-04-22T21:00:00.325+0000] {connection.py:764} INFO - No async queries seem to be running, deleting session
[2025-04-22T21:00:00.387+0000] {python.py:240} INFO - Done. Returned value was: None
[2025-04-22T21:00:00.403+0000] {taskinstance.py:340} INFO - ::group::Post task execution logs
[2025-04-22T21:00:00.404+0000] {taskinstance.py:352} INFO - Marking task as SUCCESS. dag_id=daily_stock_price, task_id=load_data, run_id=manual__2025-04-22T20:59:52.728314+00:00, execution_date=20250422T205952, start_date=20250422T205953, end_date=20250422T210000
[2025-04-22T21:00:00.420+0000] {local_task_job_runner.py:266} INFO - Task exited with return code 0
[2025-04-22T21:00:00.432+0000] {taskinstance.py:3900} INFO - 1 downstream tasks scheduled from follow-on schedule check
[2025-04-22T21:00:00.433+0000] {local_task_job_runner.py:245} INFO - ::endgroup::
