[2025-04-22T22:00:46.077+0000] {local_task_job_runner.py:123} INFO - ::group::Pre task execution logs
[2025-04-22T22:00:46.085+0000] {taskinstance.py:2612} INFO - Dependencies all met for dep_context=non-requeueable deps ti=<TaskInstance: BuildELT_dbt.dbt_snapshot manual__2025-04-22T22:00:34.317889+00:00 [queued]>
[2025-04-22T22:00:46.089+0000] {taskinstance.py:2612} INFO - Dependencies all met for dep_context=requeueable deps ti=<TaskInstance: BuildELT_dbt.dbt_snapshot manual__2025-04-22T22:00:34.317889+00:00 [queued]>
[2025-04-22T22:00:46.089+0000] {taskinstance.py:2865} INFO - Starting attempt 1 of 1
[2025-04-22T22:00:46.094+0000] {taskinstance.py:2888} INFO - Executing <Task(BashOperator): dbt_snapshot> on 2025-04-22 22:00:34.317889+00:00
[2025-04-22T22:00:46.098+0000] {standard_task_runner.py:104} INFO - Running: ['***', 'tasks', 'run', 'BuildELT_dbt', 'dbt_snapshot', 'manual__2025-04-22T22:00:34.317889+00:00', '--job-id', '175', '--raw', '--subdir', 'DAGS_FOLDER/build_elt_with_dbt.py', '--cfg-path', '/tmp/tmpo5sk4c87']
[2025-04-22T22:00:46.100+0000] {standard_task_runner.py:105} INFO - Job 175: Subtask dbt_snapshot
[2025-04-22T22:00:46.099+0000] {logging_mixin.py:190} WARNING - /home/***/.local/lib/python3.12/site-packages/***/task/task_runner/standard_task_runner.py:70 DeprecationWarning: This process (pid=723) is multi-threaded, use of fork() may lead to deadlocks in the child.
[2025-04-22T22:00:46.101+0000] {standard_task_runner.py:72} INFO - Started process 724 to run task
[2025-04-22T22:00:46.119+0000] {task_command.py:467} INFO - Running <TaskInstance: BuildELT_dbt.dbt_snapshot manual__2025-04-22T22:00:34.317889+00:00 [running]> on host 30b8bbcaa7d3
[2025-04-22T22:00:46.146+0000] {taskinstance.py:3131} INFO - Exporting env vars: AIRFLOW_CTX_DAG_OWNER='***' AIRFLOW_CTX_DAG_ID='BuildELT_dbt' AIRFLOW_CTX_TASK_ID='dbt_snapshot' AIRFLOW_CTX_EXECUTION_DATE='2025-04-22T22:00:34.317889+00:00' AIRFLOW_CTX_TRY_NUMBER='1' AIRFLOW_CTX_DAG_RUN_ID='manual__2025-04-22T22:00:34.317889+00:00'
[2025-04-22T22:00:46.146+0000] {taskinstance.py:731} INFO - ::endgroup::
[2025-04-22T22:00:46.152+0000] {subprocess.py:63} INFO - Tmp dir root location: /tmp
[2025-04-22T22:00:46.152+0000] {subprocess.py:75} INFO - Running command: ['/usr/bin/bash', '-c', '/home/***/.local/bin/dbt snapshot --profiles-dir /opt/***/dbt --project-dir /opt/***/dbt']
[2025-04-22T22:00:46.155+0000] {subprocess.py:86} INFO - Output:
[2025-04-22T22:00:47.297+0000] {subprocess.py:93} INFO - [0m22:00:47  Running with dbt=1.7.5
[2025-04-22T22:00:47.662+0000] {subprocess.py:93} INFO - [0m22:00:47  Registered adapter: snowflake=1.7.5
[2025-04-22T22:00:47.687+0000] {subprocess.py:93} INFO - [0m22:00:47  Found 3 models, 1 snapshot, 3 sources, 0 exposures, 0 metrics, 431 macros, 0 groups, 0 semantic models
[2025-04-22T22:00:47.688+0000] {subprocess.py:93} INFO - [0m22:00:47
[2025-04-22T22:00:49.634+0000] {subprocess.py:93} INFO - [0m22:00:49  Concurrency: 1 threads (target='dev')
[2025-04-22T22:00:49.642+0000] {subprocess.py:93} INFO - [0m22:00:49
[2025-04-22T22:00:49.657+0000] {subprocess.py:93} INFO - [0m22:00:49  1 of 1 START snapshot snapshot.snapshot_session_summary ........................ [RUN]
[2025-04-22T22:00:50.740+0000] {subprocess.py:93} INFO - [0m22:00:50  1 of 1 OK snapshotted snapshot.snapshot_session_summary ........................ [[32mSUCCESS 1[0m in 1.08s]
[2025-04-22T22:00:50.746+0000] {subprocess.py:93} INFO - [0m22:00:50
[2025-04-22T22:00:50.746+0000] {subprocess.py:93} INFO - [0m22:00:50  Finished running 1 snapshot in 0 hours 0 minutes and 3.06 seconds (3.06s).
[2025-04-22T22:00:50.762+0000] {subprocess.py:93} INFO - [0m22:00:50
[2025-04-22T22:00:50.763+0000] {subprocess.py:93} INFO - [0m22:00:50  [32mCompleted successfully[0m
[2025-04-22T22:00:50.763+0000] {subprocess.py:93} INFO - [0m22:00:50
[2025-04-22T22:00:50.763+0000] {subprocess.py:93} INFO - [0m22:00:50  Done. PASS=1 WARN=0 ERROR=0 SKIP=0 TOTAL=1
[2025-04-22T22:00:51.293+0000] {subprocess.py:97} INFO - Command exited with return code 0
[2025-04-22T22:00:51.302+0000] {taskinstance.py:340} INFO - ::group::Post task execution logs
[2025-04-22T22:00:51.302+0000] {taskinstance.py:352} INFO - Marking task as SUCCESS. dag_id=BuildELT_dbt, task_id=dbt_snapshot, run_id=manual__2025-04-22T22:00:34.317889+00:00, execution_date=20250422T220034, start_date=20250422T220046, end_date=20250422T220051
[2025-04-22T22:00:51.341+0000] {local_task_job_runner.py:266} INFO - Task exited with return code 0
[2025-04-22T22:00:51.346+0000] {taskinstance.py:3900} INFO - 0 downstream tasks scheduled from follow-on schedule check
[2025-04-22T22:00:51.347+0000] {local_task_job_runner.py:245} INFO - ::endgroup::
