[2025-04-22T03:04:34.456+0000] {local_task_job_runner.py:123} INFO - ::group::Pre task execution logs
[2025-04-22T03:04:34.471+0000] {taskinstance.py:2612} INFO - Dependencies all met for dep_context=non-requeueable deps ti=<TaskInstance: forecast_stock_price.train scheduled__2025-04-21T02:30:00+00:00 [queued]>
[2025-04-22T03:04:34.480+0000] {taskinstance.py:2612} INFO - Dependencies all met for dep_context=requeueable deps ti=<TaskInstance: forecast_stock_price.train scheduled__2025-04-21T02:30:00+00:00 [queued]>
[2025-04-22T03:04:34.480+0000] {taskinstance.py:2865} INFO - Starting attempt 1 of 1
[2025-04-22T03:04:34.489+0000] {taskinstance.py:2888} INFO - Executing <Task(_PythonDecoratedOperator): train> on 2025-04-21 02:30:00+00:00
[2025-04-22T03:04:34.494+0000] {logging_mixin.py:190} WARNING - /home/***/.local/lib/python3.12/site-packages/***/task/task_runner/standard_task_runner.py:70 DeprecationWarning: This process (pid=214) is multi-threaded, use of fork() may lead to deadlocks in the child.
[2025-04-22T03:04:34.495+0000] {standard_task_runner.py:72} INFO - Started process 239 to run task
[2025-04-22T03:04:34.494+0000] {standard_task_runner.py:104} INFO - Running: ['***', 'tasks', 'run', 'forecast_stock_price', 'train', 'scheduled__2025-04-21T02:30:00+00:00', '--job-id', '159', '--raw', '--subdir', 'DAGS_FOLDER/forecast_stock_price.py', '--cfg-path', '/tmp/tmptp32frv2']
[2025-04-22T03:04:34.496+0000] {standard_task_runner.py:105} INFO - Job 159: Subtask train
[2025-04-22T03:04:34.516+0000] {task_command.py:467} INFO - Running <TaskInstance: forecast_stock_price.train scheduled__2025-04-21T02:30:00+00:00 [running]> on host 1c38864322db
[2025-04-22T03:04:34.547+0000] {taskinstance.py:3131} INFO - Exporting env vars: AIRFLOW_CTX_DAG_OWNER='***' AIRFLOW_CTX_DAG_ID='forecast_stock_price' AIRFLOW_CTX_TASK_ID='train' AIRFLOW_CTX_EXECUTION_DATE='2025-04-21T02:30:00+00:00' AIRFLOW_CTX_TRY_NUMBER='1' AIRFLOW_CTX_DAG_RUN_ID='scheduled__2025-04-21T02:30:00+00:00'
[2025-04-22T03:04:34.548+0000] {taskinstance.py:731} INFO - ::endgroup::
[2025-04-22T03:04:34.550+0000] {connection.py:413} INFO - Snowflake Connector for Python Version: 3.12.1, Python Version: 3.12.5, Platform: Linux-6.10.14-linuxkit-aarch64-with-glibc2.36
[2025-04-22T03:04:34.551+0000] {connection.py:1196} INFO - Connecting to GLOBAL Snowflake domain
[2025-04-22T03:04:34.551+0000] {connection.py:1277} INFO - This connection is in OCSP Fail Open Mode. TLS Certificates would be checked for validity and revocation status. Any other Certificate Revocation related exceptions or OCSP Responder failures would be disregarded in favor of connectivity.
[2025-04-22T03:04:35.766+0000] {cursor.py:1156} INFO - Number of results in first chunk: 1
[2025-04-22T03:06:22.695+0000] {cursor.py:1156} INFO - Number of results in first chunk: 1
[2025-04-22T03:06:24.590+0000] {cursor.py:1156} INFO - Number of results in first chunk: 14
[2025-04-22T03:06:24.592+0000] {python.py:240} INFO - Done. Returned value was: None
[2025-04-22T03:06:24.615+0000] {taskinstance.py:340} INFO - ::group::Post task execution logs
[2025-04-22T03:06:24.616+0000] {taskinstance.py:352} INFO - Marking task as SUCCESS. dag_id=forecast_stock_price, task_id=train, run_id=scheduled__2025-04-21T02:30:00+00:00, execution_date=20250421T023000, start_date=20250422T030434, end_date=20250422T030624
[2025-04-22T03:06:24.674+0000] {local_task_job_runner.py:266} INFO - Task exited with return code 0
[2025-04-22T03:06:24.695+0000] {taskinstance.py:3900} INFO - 1 downstream tasks scheduled from follow-on schedule check
[2025-04-22T03:06:24.696+0000] {local_task_job_runner.py:245} INFO - ::endgroup::
