[2025-04-23T00:33:00.199+0000] {local_task_job_runner.py:123} INFO - ::group::Pre task execution logs
[2025-04-23T00:33:00.204+0000] {taskinstance.py:2612} INFO - Dependencies all met for dep_context=non-requeueable deps ti=<TaskInstance: daily_stock_price.load_data scheduled__2025-04-22T00:00:00+00:00 [queued]>
[2025-04-23T00:33:00.207+0000] {taskinstance.py:2612} INFO - Dependencies all met for dep_context=requeueable deps ti=<TaskInstance: daily_stock_price.load_data scheduled__2025-04-22T00:00:00+00:00 [queued]>
[2025-04-23T00:33:00.207+0000] {taskinstance.py:2865} INFO - Starting attempt 1 of 2
[2025-04-23T00:33:00.210+0000] {taskinstance.py:2888} INFO - Executing <Task(PythonOperator): load_data> on 2025-04-22 00:00:00+00:00
[2025-04-23T00:33:00.215+0000] {standard_task_runner.py:104} INFO - Running: ['***', 'tasks', 'run', 'daily_stock_price', 'load_data', 'scheduled__2025-04-22T00:00:00+00:00', '--job-id', '176', '--raw', '--subdir', 'DAGS_FOLDER/daily_stock_price.py', '--cfg-path', '/tmp/tmp5fru0o5y']
[2025-04-23T00:33:00.217+0000] {standard_task_runner.py:105} INFO - Job 176: Subtask load_data
[2025-04-23T00:33:00.217+0000] {logging_mixin.py:190} WARNING - /home/***/.local/lib/python3.12/site-packages/***/task/task_runner/standard_task_runner.py:70 DeprecationWarning: This process (pid=5157) is multi-threaded, use of fork() may lead to deadlocks in the child.
[2025-04-23T00:33:00.218+0000] {standard_task_runner.py:72} INFO - Started process 5166 to run task
[2025-04-23T00:33:00.234+0000] {task_command.py:467} INFO - Running <TaskInstance: daily_stock_price.load_data scheduled__2025-04-22T00:00:00+00:00 [running]> on host 30b8bbcaa7d3
[2025-04-23T00:33:00.262+0000] {taskinstance.py:3131} INFO - Exporting env vars: AIRFLOW_CTX_DAG_OWNER='***' AIRFLOW_CTX_DAG_ID='daily_stock_price' AIRFLOW_CTX_TASK_ID='load_data' AIRFLOW_CTX_EXECUTION_DATE='2025-04-22T00:00:00+00:00' AIRFLOW_CTX_TRY_NUMBER='1' AIRFLOW_CTX_DAG_RUN_ID='scheduled__2025-04-22T00:00:00+00:00'
[2025-04-23T00:33:00.263+0000] {taskinstance.py:731} INFO - ::endgroup::
[2025-04-23T00:33:00.270+0000] {connection.py:395} INFO - Snowflake Connector for Python Version: 3.8.1, Python Version: 3.12.5, Platform: Linux-6.10.14-linuxkit-aarch64-with-glibc2.36
[2025-04-23T00:33:00.271+0000] {connection.py:1235} INFO - This connection is in OCSP Fail Open Mode. TLS Certificates would be checked for validity and revocation status. Any other Certificate Revocation related exceptions or OCSP Responder failures would be disregarded in favor of connectivity.
[2025-04-23T00:33:01.465+0000] {cursor.py:1149} INFO - Number of results in first chunk: 1
[2025-04-23T00:33:02.005+0000] {base.py:125} ERROR - Failed to get ticker 'TSLA' reason: Expecting value: line 1 column 1 (char 0)
[2025-04-23T00:33:02.015+0000] {multi.py:182} ERROR - 
1 Failed download:
[2025-04-23T00:33:02.016+0000] {multi.py:195} ERROR - ['TSLA']: Exception('%ticker%: No timezone found, symbol may be delisted')
[2025-04-23T00:33:02.183+0000] {cursor.py:1149} INFO - Number of results in first chunk: 1
[2025-04-23T00:33:03.911+0000] {cursor.py:1149} INFO - Number of results in first chunk: 1
[2025-04-23T00:33:03.912+0000] {logging_mixin.py:190} INFO - Successfully loaded /tmp/TSLA_data.csv into ANALYTICS.stock_prices
[2025-04-23T00:33:04.178+0000] {cursor.py:1149} INFO - Number of results in first chunk: 1
[2025-04-23T00:33:04.433+0000] {base.py:125} ERROR - Failed to get ticker 'SPY' reason: Expecting value: line 1 column 1 (char 0)
[2025-04-23T00:33:04.436+0000] {multi.py:182} ERROR - 
1 Failed download:
[2025-04-23T00:33:04.437+0000] {multi.py:195} ERROR - ['SPY']: Exception('%ticker%: No timezone found, symbol may be delisted')
[2025-04-23T00:33:04.566+0000] {cursor.py:1149} INFO - Number of results in first chunk: 1
[2025-04-23T00:33:06.342+0000] {cursor.py:1149} INFO - Number of results in first chunk: 1
[2025-04-23T00:33:06.343+0000] {logging_mixin.py:190} INFO - Successfully loaded /tmp/SPY_data.csv into ANALYTICS.stock_prices
[2025-04-23T00:33:06.344+0000] {connection.py:758} INFO - closed
[2025-04-23T00:33:06.390+0000] {connection.py:764} INFO - No async queries seem to be running, deleting session
[2025-04-23T00:33:06.446+0000] {python.py:240} INFO - Done. Returned value was: None
[2025-04-23T00:33:06.462+0000] {taskinstance.py:340} INFO - ::group::Post task execution logs
[2025-04-23T00:33:06.463+0000] {taskinstance.py:352} INFO - Marking task as SUCCESS. dag_id=daily_stock_price, task_id=load_data, run_id=scheduled__2025-04-22T00:00:00+00:00, execution_date=20250422T000000, start_date=20250423T003300, end_date=20250423T003306
[2025-04-23T00:33:06.500+0000] {local_task_job_runner.py:266} INFO - Task exited with return code 0
[2025-04-23T00:33:06.507+0000] {local_task_job_runner.py:245} INFO - ::endgroup::
