[2025-04-22T22:00:35.034+0000] {local_task_job_runner.py:123} INFO - ::group::Pre task execution logs
[2025-04-22T22:00:35.042+0000] {taskinstance.py:2612} INFO - Dependencies all met for dep_context=non-requeueable deps ti=<TaskInstance: BuildELT_dbt.dbt_run manual__2025-04-22T22:00:34.317889+00:00 [queued]>
[2025-04-22T22:00:35.046+0000] {taskinstance.py:2612} INFO - Dependencies all met for dep_context=requeueable deps ti=<TaskInstance: BuildELT_dbt.dbt_run manual__2025-04-22T22:00:34.317889+00:00 [queued]>
[2025-04-22T22:00:35.046+0000] {taskinstance.py:2865} INFO - Starting attempt 1 of 1
[2025-04-22T22:00:35.051+0000] {taskinstance.py:2888} INFO - Executing <Task(BashOperator): dbt_run> on 2025-04-22 22:00:34.317889+00:00
[2025-04-22T22:00:35.055+0000] {standard_task_runner.py:104} INFO - Running: ['***', 'tasks', 'run', 'BuildELT_dbt', 'dbt_run', 'manual__2025-04-22T22:00:34.317889+00:00', '--job-id', '173', '--raw', '--subdir', 'DAGS_FOLDER/build_elt_with_dbt.py', '--cfg-path', '/tmp/tmpej4bwa5l']
[2025-04-22T22:00:35.056+0000] {standard_task_runner.py:105} INFO - Job 173: Subtask dbt_run
[2025-04-22T22:00:35.056+0000] {logging_mixin.py:190} WARNING - /home/***/.local/lib/python3.12/site-packages/***/task/task_runner/standard_task_runner.py:70 DeprecationWarning: This process (pid=658) is multi-threaded, use of fork() may lead to deadlocks in the child.
[2025-04-22T22:00:35.057+0000] {standard_task_runner.py:72} INFO - Started process 659 to run task
[2025-04-22T22:00:35.079+0000] {task_command.py:467} INFO - Running <TaskInstance: BuildELT_dbt.dbt_run manual__2025-04-22T22:00:34.317889+00:00 [running]> on host 30b8bbcaa7d3
[2025-04-22T22:00:35.108+0000] {taskinstance.py:3131} INFO - Exporting env vars: AIRFLOW_CTX_DAG_OWNER='***' AIRFLOW_CTX_DAG_ID='BuildELT_dbt' AIRFLOW_CTX_TASK_ID='dbt_run' AIRFLOW_CTX_EXECUTION_DATE='2025-04-22T22:00:34.317889+00:00' AIRFLOW_CTX_TRY_NUMBER='1' AIRFLOW_CTX_DAG_RUN_ID='manual__2025-04-22T22:00:34.317889+00:00'
[2025-04-22T22:00:35.109+0000] {taskinstance.py:731} INFO - ::endgroup::
[2025-04-22T22:00:35.116+0000] {subprocess.py:63} INFO - Tmp dir root location: /tmp
[2025-04-22T22:00:35.117+0000] {subprocess.py:75} INFO - Running command: ['/usr/bin/bash', '-c', '/home/***/.local/bin/dbt run --profiles-dir /opt/***/dbt --project-dir /opt/***/dbt']
[2025-04-22T22:00:35.121+0000] {subprocess.py:86} INFO - Output:
[2025-04-22T22:00:36.291+0000] {subprocess.py:93} INFO - [0m22:00:36  Running with dbt=1.7.5
[2025-04-22T22:00:36.697+0000] {subprocess.py:93} INFO - [0m22:00:36  Registered adapter: snowflake=1.7.5
[2025-04-22T22:00:36.707+0000] {subprocess.py:93} INFO - [0m22:00:36  Unable to do partial parsing because env vars used in profiles.yml have changed
[2025-04-22T22:00:37.179+0000] {subprocess.py:93} INFO - [0m22:00:37  Found 3 models, 1 snapshot, 3 sources, 0 exposures, 0 metrics, 431 macros, 0 groups, 0 semantic models
[2025-04-22T22:00:37.180+0000] {subprocess.py:93} INFO - [0m22:00:37
[2025-04-22T22:00:39.362+0000] {subprocess.py:93} INFO - [0m22:00:39  Concurrency: 1 threads (target='dev')
[2025-04-22T22:00:39.364+0000] {subprocess.py:93} INFO - [0m22:00:39
[2025-04-22T22:00:39.394+0000] {subprocess.py:93} INFO - [0m22:00:39  1 of 1 START sql table model raw_data.session_summary .......................... [RUN]
[2025-04-22T22:00:41.428+0000] {subprocess.py:93} INFO - [0m22:00:41  1 of 1 OK created sql table model raw_data.session_summary ..................... [[32mSUCCESS 1[0m in 2.03s]
[2025-04-22T22:00:41.436+0000] {subprocess.py:93} INFO - [0m22:00:41
[2025-04-22T22:00:41.437+0000] {subprocess.py:93} INFO - [0m22:00:41  Finished running 1 table model in 0 hours 0 minutes and 4.25 seconds (4.25s).
[2025-04-22T22:00:41.450+0000] {subprocess.py:93} INFO - [0m22:00:41
[2025-04-22T22:00:41.450+0000] {subprocess.py:93} INFO - [0m22:00:41  [32mCompleted successfully[0m
[2025-04-22T22:00:41.450+0000] {subprocess.py:93} INFO - [0m22:00:41
[2025-04-22T22:00:41.451+0000] {subprocess.py:93} INFO - [0m22:00:41  Done. PASS=1 WARN=0 ERROR=0 SKIP=0 TOTAL=1
[2025-04-22T22:00:42.057+0000] {subprocess.py:97} INFO - Command exited with return code 0
[2025-04-22T22:00:42.072+0000] {taskinstance.py:340} INFO - ::group::Post task execution logs
[2025-04-22T22:00:42.072+0000] {taskinstance.py:352} INFO - Marking task as SUCCESS. dag_id=BuildELT_dbt, task_id=dbt_run, run_id=manual__2025-04-22T22:00:34.317889+00:00, execution_date=20250422T220034, start_date=20250422T220035, end_date=20250422T220042
[2025-04-22T22:00:42.107+0000] {local_task_job_runner.py:266} INFO - Task exited with return code 0
[2025-04-22T22:00:42.118+0000] {taskinstance.py:3900} INFO - 1 downstream tasks scheduled from follow-on schedule check
[2025-04-22T22:00:42.119+0000] {local_task_job_runner.py:245} INFO - ::endgroup::
